#
# A fatal error has been detected by the Java Runtime Environment:
#
#  EXCEPTION_ACCESS_VIOLATION (0xc0000005) at pc=0x0000000049c8eb90, pid=25972, tid=0x0000000000002f14
#
# JRE version: Java(TM) SE Runtime Environment (8.0_251-b08) (build 1.8.0_251-b08)
# Java VM: Java HotSpot(TM) 64-Bit Server VM (25.251-b08 mixed mode windows-amd64 compressed oops)
# Problematic frame:
# C  0x0000000049c8eb90
#
# Failed to write core dump. Minidumps are not enabled by default on client versions of Windows
#
# If you would like to submit a bug report, please visit:
#   http://bugreport.java.com/bugreport/crash.jsp
# The crash happened outside the Java Virtual Machine in native code.
# See problematic frame for where to report the bug.
#

---------------  T H R E A D  ---------------

Current thread (0x00000000288a9800):  JavaThread "Thread-12" [_thread_in_native, id=12052, stack(0x0000000058580000,0x0000000058680000)]

siginfo: ExceptionCode=0xc0000005, writing address 0x0000000000000050

Registers:
RAX=0x000000002699e180, RBX=0x000000002697f360, RCX=0x0000000000000000, RDX=0x0000000000000000
RSP=0x000000005867e2f8, RBP=0x00000000568252a0, RSI=0x0000000000000000, RDI=0x0000000000000000
R8 =0x0000000000000000, R9 =0x000000000000000b, R10=0x0000000000000000, R11=0x2000000000000000
R12=0x0000000000000000, R13=0x0000000000000000, R14=0x0000000000000001, R15=0x0000000000000000
RIP=0x0000000049c8eb90, EFLAGS=0x0000000000010212

Top of Stack: (sp=0x000000005867e2f8)
0x000000005867e2f8:   0000000049c8abf5 0000000000000000
0x000000005867e308:   0000000000000001 000000005867e440
0x000000005867e318:   0000000049c8b291 000000002697f3a8
0x000000005867e328:   000000005a77ec01 000000005867e440
0x000000005867e338:   0000000000000000 0000000000000001
0x000000005867e348:   00000000568252a0 0000000000000001
0x000000005867e358:   000000005867e440 0000000000000001
0x000000005867e368:   0000000049c8d2e7 0000000000000000
0x000000005867e378:   0000000000000000 0000000000000040
0x000000005867e388:   0000000000000001 0000000000000040
0x000000005867e398:   0000000000000000 00000000568252a0
0x000000005867e3a8:   00007ff82b2a9d40 0000000000000000
0x000000005867e3b8:   0000000000000040 00000000ffffffff
0x000000005867e3c8:   000000005a740000 000000005867e4c8
0x000000005867e3d8:   0000000000000000 0000000000000000
0x000000005867e3e8:   00000000568252a0 0000000000000001 

Instructions: (pc=0x0000000049c8eb90)
0x0000000049c8eb70:   c0 74 13 41 b8 03 00 00 00 4c 89 ea 4c 89 e9 c5
0x0000000049c8eb80:   f8 77 ff d0 eb d5 c5 f8 77 eb d0 90 0f 1f 40 00
0x0000000049c8eb90:   89 51 50 c3 66 66 2e 0f 1f 84 00 00 00 00 00 90
0x0000000049c8eba0:   41 54 56 53 48 83 ec 20 8b 41 50 49 89 cc 85 c0 


Register to memory mapping:

RAX=0x000000002699e180 is an unknown value
RBX=0x000000002697f360 is an unknown value
RCX=0x0000000000000000 is an unknown value
RDX=0x0000000000000000 is an unknown value
RSP=0x000000005867e2f8 is pointing into the stack for thread: 0x00000000288a9800
RBP=0x00000000568252a0 is an unknown value
RSI=0x0000000000000000 is an unknown value
RDI=0x0000000000000000 is an unknown value
R8 =0x0000000000000000 is an unknown value
R9 =0x000000000000000b is an unknown value
R10=0x0000000000000000 is an unknown value
R11=0x2000000000000000 is an unknown value
R12=0x0000000000000000 is an unknown value
R13=0x0000000000000000 is an unknown value
R14=0x0000000000000001 is an unknown value
R15=0x0000000000000000 is an unknown value


Stack: [0x0000000058580000,0x0000000058680000],  sp=0x000000005867e2f8,  free space=1016k
Native frames: (J=compiled Java code, j=interpreted, Vv=VM code, C=native code)
C  0x0000000049c8eb90
C  0x0000000049c8abf5
C  0x0000000049c8d2e7
C  0x0000000048e8940e
C  0x0000000048e8f45b
C  0x000000006697f489
C  0x00000000026e8c67

Java frames: (J=compiled Java code, j=interpreted, Vv=VM code)
j  org.nd4j.nativeblas.Nd4jCpu.execTransformAny(Lorg/bytedeco/javacpp/PointerPointer;ILorg/nd4j/nativeblas/OpaqueDataBuffer;Lorg/bytedeco/javacpp/LongPointer;Lorg/bytedeco/javacpp/LongPointer;Lorg/nd4j/nativeblas/OpaqueDataBuffer;Lorg/bytedeco/javacpp/LongPointer;Lorg/bytedeco/javacpp/LongPointer;Lorg/bytedeco/javacpp/Pointer;)V+0
j  org.nd4j.linalg.cpu.nativecpu.ops.NativeOpExecutioner.exec(Lorg/nd4j/linalg/api/ops/TransformOp;Lorg/nd4j/linalg/api/ops/OpContext;)V+1283
j  org.nd4j.linalg.cpu.nativecpu.ops.NativeOpExecutioner.exec(Lorg/nd4j/linalg/api/ops/Op;Lorg/nd4j/linalg/api/ops/OpContext;)Lorg/nd4j/linalg/api/ndarray/INDArray;+42
j  org.nd4j.linalg.cpu.nativecpu.ops.NativeOpExecutioner.exec(Lorg/nd4j/linalg/api/ops/Op;)Lorg/nd4j/linalg/api/ndarray/INDArray;+3
j  org.nd4j.linalg.api.ndarray.BaseNDArray.assign(Lorg/nd4j/linalg/api/ndarray/INDArray;)Lorg/nd4j/linalg/api/ndarray/INDArray;+96
j  org.nd4j.linalg.api.ndarray.BaseNDArray.mmuli(Lorg/nd4j/linalg/api/ndarray/INDArray;Lorg/nd4j/linalg/api/ndarray/INDArray;)Lorg/nd4j/linalg/api/ndarray/INDArray;+475
j  org.deeplearning4j.nn.layers.BaseLayer.preOutputWithPreNorm(ZZLorg/deeplearning4j/nn/workspace/LayerWorkspaceMgr;)Lorg/nd4j/common/primitives/Pair;+305
j  org.deeplearning4j.nn.layers.BaseLayer.preOutput(ZLorg/deeplearning4j/nn/workspace/LayerWorkspaceMgr;)Lorg/nd4j/linalg/api/ndarray/INDArray;+4
j  org.deeplearning4j.nn.layers.BaseLayer.activate(ZLorg/deeplearning4j/nn/workspace/LayerWorkspaceMgr;)Lorg/nd4j/linalg/api/ndarray/INDArray;+3
j  org.deeplearning4j.nn.layers.AbstractLayer.activate(Lorg/nd4j/linalg/api/ndarray/INDArray;ZLorg/deeplearning4j/nn/workspace/LayerWorkspaceMgr;)Lorg/nd4j/linalg/api/ndarray/INDArray;+9
j  org.deeplearning4j.nn.multilayer.MultiLayerNetwork.outputOfLayerDetached(ZLorg/deeplearning4j/nn/api/FwdPassType;ILorg/nd4j/linalg/api/ndarray/INDArray;Lorg/nd4j/linalg/api/ndarray/INDArray;Lorg/nd4j/linalg/api/ndarray/INDArray;Lorg/nd4j/linalg/api/memory/MemoryWorkspace;)Lorg/nd4j/linalg/api/ndarray/INDArray;+665
j  org.deeplearning4j.nn.multilayer.MultiLayerNetwork.output(Lorg/nd4j/linalg/api/ndarray/INDArray;ZLorg/nd4j/linalg/api/ndarray/INDArray;Lorg/nd4j/linalg/api/ndarray/INDArray;Lorg/nd4j/linalg/api/memory/MemoryWorkspace;)Lorg/nd4j/linalg/api/ndarray/INDArray;+18
j  org.deeplearning4j.nn.multilayer.MultiLayerNetwork.output(Lorg/nd4j/linalg/api/ndarray/INDArray;ZLorg/nd4j/linalg/api/ndarray/INDArray;Lorg/nd4j/linalg/api/ndarray/INDArray;)Lorg/nd4j/linalg/api/ndarray/INDArray;+7
j  org.deeplearning4j.nn.multilayer.MultiLayerNetwork.output(Lorg/nd4j/linalg/api/ndarray/INDArray;Z)Lorg/nd4j/linalg/api/ndarray/INDArray;+5
j  org.deeplearning4j.nn.multilayer.MultiLayerNetwork.output(Lorg/nd4j/linalg/api/ndarray/INDArray;Lorg/deeplearning4j/nn/api/Layer$TrainingMode;)Lorg/nd4j/linalg/api/ndarray/INDArray;+14
j  org.deeplearning4j.nn.multilayer.MultiLayerNetwork.output(Lorg/nd4j/linalg/api/ndarray/INDArray;)Lorg/nd4j/linalg/api/ndarray/INDArray;+5
j  org.deeplearning4j.rl4j.network.dqn.DQN.output(Lorg/nd4j/linalg/api/ndarray/INDArray;)Lorg/nd4j/linalg/api/ndarray/INDArray;+5
j  org.deeplearning4j.rl4j.network.dqn.DQN.outputAll(Lorg/nd4j/linalg/api/ndarray/INDArray;)[Lorg/nd4j/linalg/api/ndarray/INDArray;+8
j  org.deeplearning4j.rl4j.learning.async.nstep.discrete.QLearningUpdateAlgorithm.computeGradients(Lorg/deeplearning4j/rl4j/network/dqn/IDQN;Ljava/util/List;)[Lorg/deeplearning4j/nn/gradient/Gradient;+83
j  org.deeplearning4j.rl4j.learning.async.nstep.discrete.QLearningUpdateAlgorithm.computeGradients(Lorg/deeplearning4j/rl4j/network/NeuralNet;Ljava/util/List;)[Lorg/deeplearning4j/nn/gradient/Gradient;+6
j  org.deeplearning4j.rl4j.learning.async.AsyncThreadDiscrete.trainSubEpoch(Lorg/deeplearning4j/rl4j/observation/Observation;I)Lorg/deeplearning4j/rl4j/learning/async/AsyncThread$SubEpochReturn;+279
j  org.deeplearning4j.rl4j.learning.async.AsyncThread.handleTraining(Lorg/deeplearning4j/rl4j/learning/async/AsyncThread$RunContext;)Z+33
j  org.deeplearning4j.rl4j.learning.async.AsyncThread.run()V+97
v  ~StubRoutines::call_stub

---------------  P R O C E S S  ---------------

Java Threads: ( => current thread )
  0x000000002926f800 JavaThread "SwingNode Disposer" daemon [_thread_blocked, id=2524, stack(0x0000000060430000,0x0000000060530000)]
  0x00000000288ab800 JavaThread "Java2D Queue Flusher" daemon [_thread_blocked, id=2504, stack(0x000000005b4f0000,0x000000005b5f0000)]
  0x00000000288b2800 JavaThread "AWT-EventQueue-0" [_thread_in_native, id=8592, stack(0x000000005b3f0000,0x000000005b4f0000)]
  0x00000000288ae800 JavaThread "AWT-Windows" daemon [_thread_in_native, id=4088, stack(0x000000005a380000,0x000000005a480000)]
  0x00000000288b1800 JavaThread "AWT-Shutdown" [_thread_blocked, id=22344, stack(0x000000005a280000,0x000000005a380000)]
  0x00000000288af800 JavaThread "Java2D Disposer" daemon [_thread_blocked, id=17976, stack(0x000000005a180000,0x000000005a280000)]
  0x00000000288ab000 JavaThread "Thread-25" [_thread_in_native, id=25848, stack(0x000000005a080000,0x000000005a180000)]
  0x00000000288ad000 JavaThread "Thread-24" [_thread_in_native, id=14124, stack(0x0000000059f80000,0x000000005a080000)]
  0x00000000288b1000 JavaThread "Thread-23" [_thread_in_native, id=19504, stack(0x0000000059c80000,0x0000000059d80000)]
  0x00000000288b0000 JavaThread "Thread-22" [_thread_in_native, id=21028, stack(0x0000000059b80000,0x0000000059c80000)]
  0x00000000288ac800 JavaThread "Thread-21" [_thread_in_native, id=9264, stack(0x0000000059a80000,0x0000000059b80000)]
  0x00000000288ae000 JavaThread "Thread-20" [_thread_in_native, id=9496, stack(0x0000000059980000,0x0000000059a80000)]
  0x00000000288a7000 JavaThread "Thread-19" [_thread_in_native, id=24828, stack(0x0000000059880000,0x0000000059980000)]
  0x00000000288a3800 JavaThread "Thread-18" [_thread_in_native, id=16228, stack(0x0000000059780000,0x0000000059880000)]
  0x00000000288aa000 JavaThread "Thread-17" [_thread_in_native, id=18752, stack(0x0000000058e80000,0x0000000058f80000)]
  0x00000000288a6800 JavaThread "Thread-16" [_thread_in_native, id=21628, stack(0x0000000058d80000,0x0000000058e80000)]
  0x00000000288a5800 JavaThread "Thread-15" [_thread_in_native, id=8396, stack(0x0000000058c80000,0x0000000058d80000)]
  0x00000000288a4000 JavaThread "Thread-14" [_thread_in_native, id=25900, stack(0x0000000058b80000,0x0000000058c80000)]
  0x00000000288a5000 JavaThread "Thread-13" [_thread_in_native, id=3300, stack(0x0000000058680000,0x0000000058780000)]
=>0x00000000288a9800 JavaThread "Thread-12" [_thread_in_native, id=12052, stack(0x0000000058580000,0x0000000058680000)]
  0x00000000288a8000 JavaThread "Thread-11" [_thread_in_native, id=4468, stack(0x00000000569e0000,0x0000000056ae0000)]
  0x00000000288a8800 JavaThread "Thread-10" [_thread_in_native, id=11148, stack(0x00000000564e0000,0x00000000565e0000)]
  0x000000001df21800 JavaThread "Learning Thread" [_thread_blocked, id=2384, stack(0x00000000563e0000,0x00000000564e0000)]
  0x000000001df23000 JavaThread "DeallocatorServiceThread_1" daemon [_thread_blocked, id=26500, stack(0x00000000556e0000,0x00000000557e0000)]
  0x000000001df20800 JavaThread "DeallocatorServiceThread_0" daemon [_thread_blocked, id=16512, stack(0x00000000555e0000,0x00000000556e0000)]
  0x000000001df1c000 JavaThread "Prism Font Disposer" daemon [_thread_blocked, id=15080, stack(0x0000000054ae0000,0x0000000054be0000)]
  0x000000001df20000 JavaThread "Graph Thread" [_thread_blocked, id=5180, stack(0x0000000052960000,0x0000000052a60000)]
  0x000000001df1f000 JavaThread "Repaint Thread" [_thread_blocked, id=10528, stack(0x0000000052860000,0x0000000052960000)]
  0x000000001df1d800 JavaThread "JavaCPP Deallocator" daemon [_thread_blocked, id=18188, stack(0x0000000029020000,0x0000000029120000)]
  0x000000001ee18000 JavaThread "Thread-3" daemon [_thread_in_native, id=25256, stack(0x00000000266b0000,0x00000000267b0000)]
  0x000000001ee04000 JavaThread "JavaFX-Launcher" [_thread_blocked, id=22368, stack(0x00000000267b0000,0x00000000268b0000)]
  0x000000001ed76800 JavaThread "Javafx Thread" [_thread_in_native, id=19964, stack(0x000000001fbb0000,0x000000001fcb0000)]
  0x000000001ed90800 JavaThread "Thread-1" daemon [_thread_blocked, id=23336, stack(0x000000001fab0000,0x000000001fbb0000)]
  0x000000001ed81800 JavaThread "QuantumRenderer-0" daemon [_thread_blocked, id=7364, stack(0x000000001f6e0000,0x000000001f7e0000)]
  0x000000001df9b800 JavaThread "Service Thread" daemon [_thread_blocked, id=19696, stack(0x000000001ead0000,0x000000001ebd0000)]
  0x000000001df22000 JavaThread "C1 CompilerThread3" daemon [_thread_blocked, id=8188, stack(0x000000001e9d0000,0x000000001ead0000)]
  0x000000001df15800 JavaThread "C2 CompilerThread2" daemon [_thread_blocked, id=25484, stack(0x000000001e8d0000,0x000000001e9d0000)]
  0x000000001df0e000 JavaThread "C2 CompilerThread1" daemon [_thread_blocked, id=13828, stack(0x000000001e7d0000,0x000000001e8d0000)]
  0x000000001df0a800 JavaThread "C2 CompilerThread0" daemon [_thread_blocked, id=10080, stack(0x000000001e6d0000,0x000000001e7d0000)]
  0x000000001df08800 JavaThread "Attach Listener" daemon [_thread_blocked, id=16792, stack(0x000000001e5d0000,0x000000001e6d0000)]
  0x000000001df07800 JavaThread "Signal Dispatcher" daemon [_thread_blocked, id=5096, stack(0x000000001e4d0000,0x000000001e5d0000)]
  0x000000001def0800 JavaThread "Finalizer" daemon [_thread_blocked, id=23668, stack(0x000000001e2d0000,0x000000001e3d0000)]
  0x000000001c015800 JavaThread "Reference Handler" daemon [_thread_blocked, id=17176, stack(0x000000001ddd0000,0x000000001ded0000)]
  0x00000000024ce800 JavaThread "main" [_thread_blocked, id=16920, stack(0x00000000024d0000,0x00000000025d0000)]

Other Threads:
  0x000000001c00b000 VMThread [stack: 0x000000001dcd0000,0x000000001ddd0000] [id=1612]
  0x000000001e065000 WatcherThread [stack: 0x000000001ebd0000,0x000000001ecd0000] [id=21472]

VM state:not at safepoint (normal execution)

VM Mutex/Monitor currently owned by a thread: None

heap address: 0x00000006c3400000, size: 4044 MB, Compressed Oops mode: Zero based, Oop shift amount: 3
Narrow klass base: 0x0000000000000000, Narrow klass shift: 3
Compressed class space size: 1073741824 Address: 0x00000007c0000000

Heap:
 PSYoungGen      total 120832K, used 110118K [0x000000076bc00000, 0x0000000774680000, 0x00000007c0000000)
  eden space 110592K, 99% used [0x000000076bc00000,0x0000000772789a58,0x0000000772800000)
  from space 10240K, 0% used [0x0000000773300000,0x0000000773300000,0x0000000773d00000)
  to   space 11264K, 0% used [0x0000000772800000,0x0000000772800000,0x0000000773300000)
 ParOldGen       total 425984K, used 385345K [0x00000006c3400000, 0x00000006dd400000, 0x000000076bc00000)
  object space 425984K, 90% used [0x00000006c3400000,0x00000006dac50438,0x00000006dd400000)
 Metaspace       used 33972K, capacity 34908K, committed 35328K, reserved 1079296K
  class space    used 4278K, capacity 4486K, committed 4608K, reserved 1048576K

Card table byte_map: [0x0000000011a90000,0x0000000012280000] byte_map_base: 0x000000000e476000

Marking Bits: (ParMarkBitMap*) 0x000000005ad6af90
 Begin Bits: [0x0000000012fd0000, 0x0000000016f00000)
 End Bits:   [0x0000000016f00000, 0x000000001ae30000)

Polling page: 0x0000000000b10000

CodeCache: size=245760Kb used=11467Kb max_used=11475Kb free=234292Kb
 bounds [0x00000000026d0000, 0x0000000003210000, 0x00000000116d0000]
 total_blobs=4611 nmethods=3190 adapters=1332
 compilation: enabled

Compilation events (10 events):
Event: 4.340 Thread 0x000000001df22000 3130       1       java.awt.EventDispatchThread$1::evaluate (2 bytes)
Event: 4.340 Thread 0x000000001df22000 nmethod 3130 0x00000000031c1290 code [0x00000000031c13e0, 0x00000000031c14f0]
Event: 4.340 Thread 0x000000001df22000 3131  s    1       java.awt.EventDispatchThread::getEventQueue (5 bytes)
Event: 4.340 Thread 0x000000001df22000 nmethod 3131 0x00000000031c6050 code [0x00000000031c61a0, 0x00000000031c6410]
Event: 4.340 Thread 0x000000001df22000 3132       1       java.awt.EventQueue::access$400 (5 bytes)
Event: 4.340 Thread 0x000000001df22000 nmethod 3132 0x00000000031c2c50 code [0x00000000031c2da0, 0x00000000031c2e90]
Event: 4.343 Thread 0x000000001df22000 3143       1       org.nd4j.linalg.api.ops.BaseOp::extraArgs (5 bytes)
Event: 4.343 Thread 0x000000001df22000 nmethod 3143 0x00000000031c3890 code [0x00000000031c39e0, 0x00000000031c3af0]
Event: 4.343 Thread 0x000000001df22000 3144       3       org.nd4j.linalg.api.ndarray.BaseNDArray::isRowVector (48 bytes)
Event: 4.344 Thread 0x000000001df22000 nmethod 3144 0x00000000031ec850 code [0x00000000031eca40, 0x00000000031ed5a8]

GC Heap History (10 events):
Event: 3.402 GC heap before
{Heap before GC invocations=5 (full 1):
 PSYoungGen      total 75776K, used 64750K [0x000000076bc00000, 0x0000000771080000, 0x00000007c0000000)
  eden space 65024K, 99% used [0x000000076bc00000,0x000000076fb3bb10,0x000000076fb80000)
  from space 10752K, 0% used [0x000000076fb80000,0x000000076fb80000,0x0000000770600000)
  to   space 10752K, 0% used [0x0000000770600000,0x0000000770600000,0x0000000771080000)
 ParOldGen       total 108544K, used 5844K [0x00000006c3400000, 0x00000006c9e00000, 0x000000076bc00000)
  object space 108544K, 5% used [0x00000006c3400000,0x00000006c39b5328,0x00000006c9e00000)
 Metaspace       used 30630K, capacity 31410K, committed 31744K, reserved 1077248K
  class space    used 3838K, capacity 4071K, committed 4096K, reserved 1048576K
Event: 3.412 GC heap after
Heap after GC invocations=5 (full 1):
 PSYoungGen      total 75776K, used 7234K [0x000000076bc00000, 0x0000000772d00000, 0x00000007c0000000)
  eden space 65024K, 0% used [0x000000076bc00000,0x000000076bc00000,0x000000076fb80000)
  from space 10752K, 67% used [0x0000000770600000,0x0000000770d108e8,0x0000000771080000)
  to   space 10752K, 0% used [0x000000076fb80000,0x000000076fb80000,0x0000000770600000)
 ParOldGen       total 108544K, used 19196K [0x00000006c3400000, 0x00000006c9e00000, 0x000000076bc00000)
  object space 108544K, 17% used [0x00000006c3400000,0x00000006c46bf348,0x00000006c9e00000)
 Metaspace       used 30630K, capacity 31410K, committed 31744K, reserved 1077248K
  class space    used 3838K, capacity 4071K, committed 4096K, reserved 1048576K
}
Event: 3.953 GC heap before
{Heap before GC invocations=6 (full 1):
 PSYoungGen      total 75776K, used 71991K [0x000000076bc00000, 0x0000000772d00000, 0x00000007c0000000)
  eden space 65024K, 99% used [0x000000076bc00000,0x000000076fb3d698,0x000000076fb80000)
  from space 10752K, 67% used [0x0000000770600000,0x0000000770d108e8,0x0000000771080000)
  to   space 10752K, 0% used [0x000000076fb80000,0x000000076fb80000,0x0000000770600000)
 ParOldGen       total 108544K, used 19196K [0x00000006c3400000, 0x00000006c9e00000, 0x000000076bc00000)
  object space 108544K, 17% used [0x00000006c3400000,0x00000006c46bf348,0x00000006c9e00000)
 Metaspace       used 33923K, capacity 34980K, committed 35072K, reserved 1079296K
  class space    used 4291K, capacity 4528K, committed 4608K, reserved 1048576K
Event: 4.000 GC heap after
Heap after GC invocations=6 (full 1):
 PSYoungGen      total 75776K, used 8629K [0x000000076bc00000, 0x0000000773d00000, 0x00000007c0000000)
  eden space 65024K, 0% used [0x000000076bc00000,0x000000076bc00000,0x000000076fb80000)
  from space 10752K, 80% used [0x000000076fb80000,0x00000007703ed4c8,0x0000000770600000)
  to   space 10240K, 0% used [0x0000000773300000,0x0000000773300000,0x0000000773d00000)
 ParOldGen       total 108544K, used 94059K [0x00000006c3400000, 0x00000006c9e00000, 0x000000076bc00000)
  object space 108544K, 86% used [0x00000006c3400000,0x00000006c8fdad80,0x00000006c9e00000)
 Metaspace       used 33923K, capacity 34980K, committed 35072K, reserved 1079296K
  class space    used 4291K, capacity 4528K, committed 4608K, reserved 1048576K
}
Event: 4.001 GC heap before
{Heap before GC invocations=7 (full 2):
 PSYoungGen      total 75776K, used 8629K [0x000000076bc00000, 0x0000000773d00000, 0x00000007c0000000)
  eden space 65024K, 0% used [0x000000076bc00000,0x000000076bc00000,0x000000076fb80000)
  from space 10752K, 80% used [0x000000076fb80000,0x00000007703ed4c8,0x0000000770600000)
  to   space 10240K, 0% used [0x0000000773300000,0x0000000773300000,0x0000000773d00000)
 ParOldGen       total 108544K, used 94059K [0x00000006c3400000, 0x00000006c9e00000, 0x000000076bc00000)
  object space 108544K, 86% used [0x00000006c3400000,0x00000006c8fdad80,0x00000006c9e00000)
 Metaspace       used 33923K, capacity 34980K, committed 35072K, reserved 1079296K
  class space    used 4291K, capacity 4528K, committed 4608K, reserved 1048576K
Event: 4.045 GC heap after
Heap after GC invocations=7 (full 2):
 PSYoungGen      total 75776K, used 0K [0x000000076bc00000, 0x0000000773d00000, 0x00000007c0000000)
  eden space 65024K, 0% used [0x000000076bc00000,0x000000076bc00000,0x000000076fb80000)
  from space 10752K, 0% used [0x000000076fb80000,0x000000076fb80000,0x0000000770600000)
  to   space 10240K, 0% used [0x0000000773300000,0x0000000773300000,0x0000000773d00000)
 ParOldGen       total 267264K, used 63984K [0x00000006c3400000, 0x00000006d3900000, 0x000000076bc00000)
  object space 267264K, 23% used [0x00000006c3400000,0x00000006c727c280,0x00000006d3900000)
 Metaspace       used 33836K, capacity 34692K, committed 35072K, reserved 1079296K
  class space    used 4264K, capacity 4480K, committed 4608K, reserved 1048576K
}
Event: 4.060 GC heap before
{Heap before GC invocations=8 (full 2):
 PSYoungGen      total 75776K, used 57043K [0x000000076bc00000, 0x0000000773d00000, 0x00000007c0000000)
  eden space 65024K, 87% used [0x000000076bc00000,0x000000076f3b4e40,0x000000076fb80000)
  from space 10752K, 0% used [0x000000076fb80000,0x000000076fb80000,0x0000000770600000)
  to   space 10240K, 0% used [0x0000000773300000,0x0000000773300000,0x0000000773d00000)
 ParOldGen       total 267264K, used 74682K [0x00000006c3400000, 0x00000006d3900000, 0x000000076bc00000)
  object space 267264K, 27% used [0x00000006c3400000,0x00000006c7ceebe0,0x00000006d3900000)
 Metaspace       used 33848K, capacity 34706K, committed 35072K, reserved 1079296K
  class space    used 4268K, capacity 4485K, committed 4608K, reserved 1048576K
Event: 4.083 GC heap after
Heap after GC invocations=8 (full 2):
 PSYoungGen      total 120832K, used 256K [0x000000076bc00000, 0x0000000774680000, 0x00000007c0000000)
  eden space 110592K, 0% used [0x000000076bc00000,0x000000076bc00000,0x0000000772800000)
  from space 10240K, 2% used [0x0000000773300000,0x0000000773340000,0x0000000773d00000)
  to   space 11264K, 0% used [0x0000000772800000,0x0000000772800000,0x0000000773300000)
 ParOldGen       total 267264K, used 192203K [0x00000006c3400000, 0x00000006d3900000, 0x000000076bc00000)
  object space 267264K, 71% used [0x00000006c3400000,0x00000006cefb2df8,0x00000006d3900000)
 Metaspace       used 33848K, capacity 34706K, committed 35072K, reserved 1079296K
  class space    used 4268K, capacity 4485K, committed 4608K, reserved 1048576K
}
Event: 4.083 GC heap before
{Heap before GC invocations=9 (full 3):
 PSYoungGen      total 120832K, used 256K [0x000000076bc00000, 0x0000000774680000, 0x00000007c0000000)
  eden space 110592K, 0% used [0x000000076bc00000,0x000000076bc00000,0x0000000772800000)
  from space 10240K, 2% used [0x0000000773300000,0x0000000773340000,0x0000000773d00000)
  to   space 11264K, 0% used [0x0000000772800000,0x0000000772800000,0x0000000773300000)
 ParOldGen       total 267264K, used 192203K [0x00000006c3400000, 0x00000006d3900000, 0x000000076bc00000)
  object space 267264K, 71% used [0x00000006c3400000,0x00000006cefb2df8,0x00000006d3900000)
 Metaspace       used 33848K, capacity 34706K, committed 35072K, reserved 1079296K
  class space    used 4268K, capacity 4485K, committed 4608K, reserved 1048576K
Event: 4.162 GC heap after
Heap after GC invocations=9 (full 3):
 PSYoungGen      total 120832K, used 0K [0x000000076bc00000, 0x0000000774680000, 0x00000007c0000000)
  eden space 110592K, 0% used [0x000000076bc00000,0x000000076bc00000,0x0000000772800000)
  from space 10240K, 0% used [0x0000000773300000,0x0000000773300000,0x0000000773d00000)
  to   space 11264K, 0% used [0x0000000772800000,0x0000000772800000,0x0000000773300000)
 ParOldGen       total 425984K, used 109365K [0x00000006c3400000, 0x00000006dd400000, 0x000000076bc00000)
  object space 425984K, 25% used [0x00000006c3400000,0x00000006c9ecd7a0,0x00000006dd400000)
 Metaspace       used 33848K, capacity 34706K, committed 35072K, reserved 1079296K
  class space    used 4268K, capacity 4485K, committed 4608K, reserved 1048576K
}

Deoptimization events (10 events):
Event: 2.838 Thread 0x000000001ed76800 Uncommon trap: reason=unstable_if action=reinterpret pc=0x0000000002e336fc method=javafx.scene.CssStyleHelper.getStyle(Ljavafx/css/Styleable;Ljava/lang/String;Lcom/sun/javafx/css/StyleMap;Ljava/util/Set;)Lcom/sun/javafx/css/CascadingStyle; @ 8
Event: 3.219 Thread 0x000000001df21800 Uncommon trap: reason=unstable_if action=reinterpret pc=0x0000000002e39cf4 method=java.lang.ThreadLocal.get()Ljava/lang/Object; @ 11
Event: 3.282 Thread 0x000000001ed81800 Uncommon trap: reason=unstable_if action=reinterpret pc=0x0000000002d0e3c8 method=java.util.concurrent.ConcurrentHashMap.putVal(Ljava/lang/Object;Ljava/lang/Object;Z)Ljava/lang/Object; @ 113
Event: 3.397 Thread 0x00000000288a4000 Uncommon trap: reason=unstable_if action=reinterpret pc=0x0000000002b46cb0 method=java.io.WinNTFileSystem.prefixLength(Ljava/lang/String;)I @ 42
Event: 3.460 Thread 0x00000000288a8800 Uncommon trap: reason=unstable_if action=reinterpret pc=0x0000000002b25288 method=java.io.WinNTFileSystem.normalize(Ljava/lang/String;)Ljava/lang/String; @ 74
Event: 3.460 Thread 0x00000000288a8800 Uncommon trap: reason=unstable_if action=reinterpret pc=0x0000000002b1463c method=java.io.WinNTFileSystem.normalize(Ljava/lang/String;II)Ljava/lang/String; @ 103
Event: 3.478 Thread 0x00000000288a5000 Uncommon trap: reason=unstable_if action=reinterpret pc=0x0000000002eeadc4 method=java.lang.ThreadLocal$ThreadLocalMap.getEntry(Ljava/lang/ThreadLocal;)Ljava/lang/ThreadLocal$ThreadLocalMap$Entry; @ 29
Event: 3.509 Thread 0x00000000288ac800 Uncommon trap: reason=unstable_if action=reinterpret pc=0x0000000002facca4 method=java.util.concurrent.ConcurrentHashMap.addCount(JI)V @ 34
Event: 3.718 Thread 0x00000000288b2800 Uncommon trap: reason=unstable_if action=reinterpret pc=0x0000000002923358 method=java.lang.AbstractStringBuilder.append(Ljava/lang/String;)Ljava/lang/AbstractStringBuilder; @ 1
Event: 3.718 Thread 0x00000000288b2800 Uncommon trap: reason=unstable_if action=reinterpret pc=0x00000000028ef9d8 method=java.lang.AbstractStringBuilder.append(Ljava/lang/String;)Ljava/lang/AbstractStringBuilder; @ 1

Classes redefined (0 events):
No events

Internal exceptions (10 events):
Event: 4.311 Thread 0x00000000288ad000 Exception <a 'sun/nio/fs/WindowsException'> (0x00000007720e60f0) thrown at [C:\jenkins\workspace\8-2-build-windows-amd64-cygwin\jdk8u251\737\hotspot\src\share\vm\prims\jni.cpp, line 710]
Event: 4.311 Thread 0x00000000288ad000 Exception <a 'sun/nio/fs/WindowsException'> (0x00000007720e7a50) thrown at [C:\jenkins\workspace\8-2-build-windows-amd64-cygwin\jdk8u251\737\hotspot\src\share\vm\prims\jni.cpp, line 710]
Event: 4.311 Thread 0x00000000288ad000 Exception <a 'sun/nio/fs/WindowsException'> (0x00000007720e9398) thrown at [C:\jenkins\workspace\8-2-build-windows-amd64-cygwin\jdk8u251\737\hotspot\src\share\vm\prims\jni.cpp, line 710]
Event: 4.312 Thread 0x00000000288ad000 Exception <a 'sun/nio/fs/WindowsException'> (0x00000007720ead78) thrown at [C:\jenkins\workspace\8-2-build-windows-amd64-cygwin\jdk8u251\737\hotspot\src\share\vm\prims\jni.cpp, line 710]
Event: 4.312 Thread 0x00000000288ad000 Exception <a 'sun/nio/fs/WindowsException'> (0x00000007720ec4e0) thrown at [C:\jenkins\workspace\8-2-build-windows-amd64-cygwin\jdk8u251\737\hotspot\src\share\vm\prims\jni.cpp, line 710]
Event: 4.312 Thread 0x00000000288ad000 Exception <a 'sun/nio/fs/WindowsException'> (0x00000007720edca8) thrown at [C:\jenkins\workspace\8-2-build-windows-amd64-cygwin\jdk8u251\737\hotspot\src\share\vm\prims\jni.cpp, line 710]
Event: 4.312 Thread 0x00000000288ad000 Exception <a 'sun/nio/fs/WindowsException'> (0x00000007720ef410) thrown at [C:\jenkins\workspace\8-2-build-windows-amd64-cygwin\jdk8u251\737\hotspot\src\share\vm\prims\jni.cpp, line 710]
Event: 4.313 Thread 0x00000000288ad000 Exception <a 'sun/nio/fs/WindowsException'> (0x00000007720f0b90) thrown at [C:\jenkins\workspace\8-2-build-windows-amd64-cygwin\jdk8u251\737\hotspot\src\share\vm\prims\jni.cpp, line 710]
Event: 4.313 Thread 0x00000000288ad000 Exception <a 'sun/nio/fs/WindowsException'> (0x00000007720f22f8) thrown at [C:\jenkins\workspace\8-2-build-windows-amd64-cygwin\jdk8u251\737\hotspot\src\share\vm\prims\jni.cpp, line 710]
Event: 4.313 Thread 0x00000000288ad000 Exception <a 'sun/nio/fs/WindowsException'> (0x00000007720f3b28) thrown at [C:\jenkins\workspace\8-2-build-windows-amd64-cygwin\jdk8u251\737\hotspot\src\share\vm\prims\jni.cpp, line 710]

Events (10 events):
Event: 4.302 Thread 0x00000000288ad000 DEOPT PACKING pc=0x0000000002fff5d5 sp=0x000000005a07d9f0
Event: 4.302 Thread 0x00000000288ad000 DEOPT UNPACKING pc=0x0000000002717890 sp=0x000000005a07d740 mode 0
Event: 4.329 loading class org/nd4j/linalg/api/ops/CustomOpDescriptor
Event: 4.329 loading class org/nd4j/linalg/api/ops/CustomOpDescriptor done
Event: 4.329 loading class org/nd4j/linalg/api/ops/CustomOpDescriptor$CustomOpDescriptorBuilder
Event: 4.329 loading class org/nd4j/linalg/api/ops/CustomOpDescriptor$CustomOpDescriptorBuilder done
Event: 4.342 Executing VM operation: RevokeBias
Event: 4.342 loading class org/nd4j/linalg/api/ops/executioner/OpExecutionerUtil
Event: 4.342 loading class org/nd4j/linalg/api/ops/executioner/OpExecutionerUtil done
Event: 4.342 Executing VM operation: RevokeBias done


Dynamic libraries:
0x00007ff7b5040000 - 0x00007ff7b5077000 	C:\Program Files\Java\jre1.8.0_251\bin\javaw.exe
0x00007ff82bc10000 - 0x00007ff82be05000 	C:\WINDOWS\SYSTEM32\ntdll.dll
0x00007ff829c70000 - 0x00007ff829d2d000 	C:\WINDOWS\System32\KERNEL32.DLL
0x00007ff829550000 - 0x00007ff829819000 	C:\WINDOWS\System32\KERNELBASE.dll
0x00007ff82b880000 - 0x00007ff82b92c000 	C:\WINDOWS\System32\ADVAPI32.dll
0x00007ff82b290000 - 0x00007ff82b32e000 	C:\WINDOWS\System32\msvcrt.dll
0x00007ff82b3a0000 - 0x00007ff82b43b000 	C:\WINDOWS\System32\sechost.dll
0x00007ff82b440000 - 0x00007ff82b56a000 	C:\WINDOWS\System32\RPCRT4.dll
0x00007ff82a420000 - 0x00007ff82a5c0000 	C:\WINDOWS\System32\USER32.dll
0x00007ff8293e0000 - 0x00007ff829402000 	C:\WINDOWS\System32\win32u.dll
0x00007ff82ab10000 - 0x00007ff82ab3a000 	C:\WINDOWS\System32\GDI32.dll
0x00007ff829920000 - 0x00007ff829a2b000 	C:\WINDOWS\System32\gdi32full.dll
0x00007ff829340000 - 0x00007ff8293dd000 	C:\WINDOWS\System32\msvcp_win.dll
0x00007ff829820000 - 0x00007ff829920000 	C:\WINDOWS\System32\ucrtbase.dll
0x00007ff809f90000 - 0x00007ff80a22a000 	C:\WINDOWS\WinSxS\amd64_microsoft.windows.common-controls_6595b64144ccf1df_6.0.19041.1110_none_60b5254171f9507e\COMCTL32.dll
0x00007ff82a2b0000 - 0x00007ff82a2e0000 	C:\WINDOWS\System32\IMM32.DLL
0x000000005beb0000 - 0x000000005bf82000 	C:\Program Files\Java\jre1.8.0_251\bin\msvcr100.dll
0x000000005a540000 - 0x000000005adeb000 	C:\Program Files\Java\jre1.8.0_251\bin\server\jvm.dll
0x00007ff82b280000 - 0x00007ff82b288000 	C:\WINDOWS\System32\PSAPI.DLL
0x00007ff81d980000 - 0x00007ff81d9a7000 	C:\WINDOWS\SYSTEM32\WINMM.dll
0x00007ff81fae0000 - 0x00007ff81fae9000 	C:\WINDOWS\SYSTEM32\WSOCK32.dll
0x00007ff81d760000 - 0x00007ff81d76a000 	C:\WINDOWS\SYSTEM32\VERSION.dll
0x00007ff82a2e0000 - 0x00007ff82a34b000 	C:\WINDOWS\System32\WS2_32.dll
0x00007ff81e8f0000 - 0x00007ff81e8ff000 	C:\Program Files\Java\jre1.8.0_251\bin\verify.dll
0x00007fffdae30000 - 0x00007fffdae59000 	C:\Program Files\Java\jre1.8.0_251\bin\java.dll
0x00007fffefc40000 - 0x00007fffefc56000 	C:\Program Files\Java\jre1.8.0_251\bin\zip.dll
0x00007ff82ab40000 - 0x00007ff82b27f000 	C:\WINDOWS\System32\SHELL32.dll
0x00007ff827450000 - 0x00007ff827be0000 	C:\WINDOWS\SYSTEM32\windows.storage.dll
0x00007ff82a5c0000 - 0x00007ff82a915000 	C:\WINDOWS\System32\combase.dll
0x00007ff828da0000 - 0x00007ff828dcc000 	C:\WINDOWS\SYSTEM32\Wldp.dll
0x00007ff82aa60000 - 0x00007ff82ab0e000 	C:\WINDOWS\System32\SHCORE.dll
0x00007ff82bb70000 - 0x00007ff82bbc5000 	C:\WINDOWS\System32\shlwapi.dll
0x00007ff829280000 - 0x00007ff82929f000 	C:\WINDOWS\SYSTEM32\profapi.dll
0x0000000002450000 - 0x0000000002453000 	C:\Program Files\Java\jre1.8.0_251\bin\api-ms-win-core-console-l1-1-0.dll
0x0000000002460000 - 0x0000000002463000 	C:\Program Files\Java\jre1.8.0_251\bin\api-ms-win-core-datetime-l1-1-0.dll
0x0000000002470000 - 0x0000000002473000 	C:\Program Files\Java\jre1.8.0_251\bin\api-ms-win-core-debug-l1-1-0.dll
0x0000000002480000 - 0x0000000002483000 	C:\Program Files\Java\jre1.8.0_251\bin\api-ms-win-core-errorhandling-l1-1-0.dll
0x0000000002490000 - 0x0000000002494000 	C:\Program Files\Java\jre1.8.0_251\bin\api-ms-win-core-file-l1-1-0.dll
0x00000000024a0000 - 0x00000000024a3000 	C:\Program Files\Java\jre1.8.0_251\bin\api-ms-win-core-file-l1-2-0.dll
0x00000000024b0000 - 0x00000000024b3000 	C:\Program Files\Java\jre1.8.0_251\bin\api-ms-win-core-file-l2-1-0.dll
0x000000001f4d0000 - 0x000000001f4d3000 	C:\Program Files\Java\jre1.8.0_251\bin\api-ms-win-core-handle-l1-1-0.dll
0x000000001f4e0000 - 0x000000001f4e3000 	C:\Program Files\Java\jre1.8.0_251\bin\api-ms-win-core-heap-l1-1-0.dll
0x000000001f4f0000 - 0x000000001f4f3000 	C:\Program Files\Java\jre1.8.0_251\bin\api-ms-win-core-interlocked-l1-1-0.dll
0x000000001f500000 - 0x000000001f503000 	C:\Program Files\Java\jre1.8.0_251\bin\api-ms-win-core-libraryloader-l1-1-0.dll
0x000000001f510000 - 0x000000001f513000 	C:\Program Files\Java\jre1.8.0_251\bin\api-ms-win-core-localization-l1-2-0.dll
0x000000001f520000 - 0x000000001f523000 	C:\Program Files\Java\jre1.8.0_251\bin\api-ms-win-core-memory-l1-1-0.dll
0x000000001f530000 - 0x000000001f533000 	C:\Program Files\Java\jre1.8.0_251\bin\api-ms-win-core-namedpipe-l1-1-0.dll
0x000000001f540000 - 0x000000001f543000 	C:\Program Files\Java\jre1.8.0_251\bin\api-ms-win-core-processenvironment-l1-1-0.dll
0x000000001f550000 - 0x000000001f553000 	C:\Program Files\Java\jre1.8.0_251\bin\api-ms-win-core-processthreads-l1-1-0.dll
0x000000001f560000 - 0x000000001f563000 	C:\Program Files\Java\jre1.8.0_251\bin\api-ms-win-core-processthreads-l1-1-1.dll
0x000000001f570000 - 0x000000001f573000 	C:\Program Files\Java\jre1.8.0_251\bin\api-ms-win-core-profile-l1-1-0.dll
0x000000001f580000 - 0x000000001f583000 	C:\Program Files\Java\jre1.8.0_251\bin\api-ms-win-core-rtlsupport-l1-1-0.dll
0x000000001f590000 - 0x000000001f593000 	C:\Program Files\Java\jre1.8.0_251\bin\api-ms-win-core-string-l1-1-0.dll
0x000000001f5a0000 - 0x000000001f5a3000 	C:\Program Files\Java\jre1.8.0_251\bin\api-ms-win-core-synch-l1-1-0.dll
0x000000001f5b0000 - 0x000000001f5b3000 	C:\Program Files\Java\jre1.8.0_251\bin\api-ms-win-core-synch-l1-2-0.dll
0x000000001f5c0000 - 0x000000001f5c3000 	C:\Program Files\Java\jre1.8.0_251\bin\api-ms-win-core-sysinfo-l1-1-0.dll
0x000000001f5d0000 - 0x000000001f5d3000 	C:\Program Files\Java\jre1.8.0_251\bin\api-ms-win-core-timezone-l1-1-0.dll
0x000000001f5e0000 - 0x000000001f5e3000 	C:\Program Files\Java\jre1.8.0_251\bin\api-ms-win-core-util-l1-1-0.dll
0x000000001f5f0000 - 0x000000001f5f3000 	C:\Program Files\Java\jre1.8.0_251\bin\api-ms-win-crt-conio-l1-1-0.dll
0x000000001f600000 - 0x000000001f604000 	C:\Program Files\Java\jre1.8.0_251\bin\api-ms-win-crt-convert-l1-1-0.dll
0x000000001f610000 - 0x000000001f613000 	C:\Program Files\Java\jre1.8.0_251\bin\api-ms-win-crt-environment-l1-1-0.dll
0x000000001f620000 - 0x000000001f623000 	C:\Program Files\Java\jre1.8.0_251\bin\api-ms-win-crt-filesystem-l1-1-0.dll
0x000000001f630000 - 0x000000001f633000 	C:\Program Files\Java\jre1.8.0_251\bin\api-ms-win-crt-heap-l1-1-0.dll
0x000000001f640000 - 0x000000001f643000 	C:\Program Files\Java\jre1.8.0_251\bin\api-ms-win-crt-locale-l1-1-0.dll
0x000000001f650000 - 0x000000001f655000 	C:\Program Files\Java\jre1.8.0_251\bin\api-ms-win-crt-math-l1-1-0.dll
0x000000001f660000 - 0x000000001f665000 	C:\Program Files\Java\jre1.8.0_251\bin\api-ms-win-crt-multibyte-l1-1-0.dll
0x000000001f670000 - 0x000000001f680000 	C:\Program Files\Java\jre1.8.0_251\bin\api-ms-win-crt-private-l1-1-0.dll
0x000000001f680000 - 0x000000001f683000 	C:\Program Files\Java\jre1.8.0_251\bin\api-ms-win-crt-process-l1-1-0.dll
0x000000001f690000 - 0x000000001f694000 	C:\Program Files\Java\jre1.8.0_251\bin\api-ms-win-crt-runtime-l1-1-0.dll
0x000000001f6a0000 - 0x000000001f6a4000 	C:\Program Files\Java\jre1.8.0_251\bin\api-ms-win-crt-stdio-l1-1-0.dll
0x000000001f6b0000 - 0x000000001f6b4000 	C:\Program Files\Java\jre1.8.0_251\bin\api-ms-win-crt-string-l1-1-0.dll
0x000000001f6c0000 - 0x000000001f6c3000 	C:\Program Files\Java\jre1.8.0_251\bin\api-ms-win-crt-time-l1-1-0.dll
0x000000001f6d0000 - 0x000000001f6d3000 	C:\Program Files\Java\jre1.8.0_251\bin\api-ms-win-crt-utility-l1-1-0.dll
0x00007fffd8880000 - 0x00007fffd897c000 	C:\Program Files\Java\jre1.8.0_251\bin\ucrtbase.dll
0x00007ffff01e0000 - 0x00007ffff01f5000 	C:\Program Files\Java\jre1.8.0_251\bin\vcruntime140.dll
0x00007fffd87e0000 - 0x00007fffd887b000 	C:\Program Files\Java\jre1.8.0_251\bin\msvcp140.dll
0x00007ffff0180000 - 0x00007ffff01d1000 	C:\Program Files\Java\jre1.8.0_251\bin\concrt140.dll
0x00007fffdab80000 - 0x00007fffdaba3000 	C:\Program Files\Java\jre1.8.0_251\bin\prism_d3d.dll
0x00007fffd8080000 - 0x00007fffd824e000 	C:\WINDOWS\system32\d3d9.dll
0x00007ff8272c0000 - 0x00007ff8272d2000 	C:\WINDOWS\SYSTEM32\kernel.appcore.dll
0x00007ff8269f0000 - 0x00007ff826a1f000 	C:\WINDOWS\SYSTEM32\dwmapi.dll
0x00007ff8268a0000 - 0x00007ff82693e000 	C:\WINDOWS\system32\uxtheme.dll
0x00007fffd4d80000 - 0x00007fffd4ee5000 	C:\WINDOWS\System32\DriverStore\FileRepository\iigd_dch.inf_amd64_3abed7b83f378c61\igdumdim64.dll
0x00007ff82a930000 - 0x00007ff82aa5a000 	C:\WINDOWS\System32\ole32.dll
0x00007fffd0600000 - 0x00007fffd4d80000 	C:\WINDOWS\System32\DriverStore\FileRepository\iigd_dch.inf_amd64_3abed7b83f378c61\igd9dxva64.dll
0x00007ff82a350000 - 0x00007ff82a41d000 	C:\WINDOWS\System32\OLEAUT32.dll
0x00007ff829dd0000 - 0x00007ff82a242000 	C:\WINDOWS\System32\SETUPAPI.dll
0x00007ff829c20000 - 0x00007ff829c6e000 	C:\WINDOWS\System32\cfgmgr32.dll
0x00007ff829520000 - 0x00007ff829547000 	C:\WINDOWS\System32\bcrypt.dll
0x00007ff81a890000 - 0x00007ff81aae8000 	C:\WINDOWS\System32\DriverStore\FileRepository\iigd_dch.inf_amd64_3abed7b83f378c61\igdgmm64.dll
0x00007fffda610000 - 0x00007fffda655000 	C:\Program Files\Java\jre1.8.0_251\bin\glass.dll
0x00007ff82b740000 - 0x00007ff82b81a000 	C:\WINDOWS\System32\COMDLG32.dll
0x00007ff82b620000 - 0x00007ff82b735000 	C:\WINDOWS\System32\MSCTF.dll
0x00007ff829a30000 - 0x00007ff829ab3000 	C:\WINDOWS\System32\bcryptPrimitives.dll
0x00007fffd0160000 - 0x00007fffd0187000 	C:\WINDOWS\System32\DriverStore\FileRepository\iigd_dch.inf_amd64_3abed7b83f378c61\igdinfo64.dll
0x00007ff815450000 - 0x00007ff818130000 	C:\WINDOWS\System32\DriverStore\FileRepository\iigd_dch.inf_amd64_3abed7b83f378c61\igc64.dll
0x00007ff81bfc0000 - 0x00007ff81bffb000 	C:\WINDOWS\SYSTEM32\dxcore.dll
0x00007fffdaac0000 - 0x00007fffdaada000 	C:\Program Files\Java\jre1.8.0_251\bin\net.dll
0x00007ff828a30000 - 0x00007ff828a9a000 	C:\WINDOWS\system32\mswsock.dll
0x00007fffdaaa0000 - 0x00007fffdaab2000 	C:\Program Files\Java\jre1.8.0_251\bin\nio.dll
0x0000000028950000 - 0x0000000028953000 	C:\Users\aj755\.javacpp\cache\javacpp-1.5.3-windows-x86_64.jar\org\bytedeco\javacpp\windows-x86_64\api-ms-win-crt-locale-l1-1-0.dll
0x0000000028960000 - 0x0000000028964000 	C:\Users\aj755\.javacpp\cache\javacpp-1.5.3-windows-x86_64.jar\org\bytedeco\javacpp\windows-x86_64\api-ms-win-crt-string-l1-1-0.dll
0x0000000028970000 - 0x0000000028974000 	C:\Users\aj755\.javacpp\cache\javacpp-1.5.3-windows-x86_64.jar\org\bytedeco\javacpp\windows-x86_64\api-ms-win-crt-stdio-l1-1-0.dll
0x0000000028980000 - 0x0000000028985000 	C:\Users\aj755\.javacpp\cache\javacpp-1.5.3-windows-x86_64.jar\org\bytedeco\javacpp\windows-x86_64\api-ms-win-crt-math-l1-1-0.dll
0x0000000028990000 - 0x0000000028993000 	C:\Users\aj755\.javacpp\cache\javacpp-1.5.3-windows-x86_64.jar\org\bytedeco\javacpp\windows-x86_64\api-ms-win-crt-heap-l1-1-0.dll
0x00000000289a0000 - 0x00000000289a4000 	C:\Users\aj755\.javacpp\cache\javacpp-1.5.3-windows-x86_64.jar\org\bytedeco\javacpp\windows-x86_64\api-ms-win-crt-runtime-l1-1-0.dll
0x00000000289b0000 - 0x00000000289b4000 	C:\Users\aj755\.javacpp\cache\javacpp-1.5.3-windows-x86_64.jar\org\bytedeco\javacpp\windows-x86_64\api-ms-win-crt-convert-l1-1-0.dll
0x00000000289c0000 - 0x00000000289c3000 	C:\Users\aj755\.javacpp\cache\javacpp-1.5.3-windows-x86_64.jar\org\bytedeco\javacpp\windows-x86_64\api-ms-win-crt-environment-l1-1-0.dll
0x00000000289d0000 - 0x00000000289d3000 	C:\Users\aj755\.javacpp\cache\javacpp-1.5.3-windows-x86_64.jar\org\bytedeco\javacpp\windows-x86_64\api-ms-win-crt-time-l1-1-0.dll
0x00000000289e0000 - 0x00000000289e3000 	C:\Users\aj755\.javacpp\cache\javacpp-1.5.3-windows-x86_64.jar\org\bytedeco\javacpp\windows-x86_64\api-ms-win-crt-filesystem-l1-1-0.dll
0x00000000289f0000 - 0x00000000289f3000 	C:\Users\aj755\.javacpp\cache\javacpp-1.5.3-windows-x86_64.jar\org\bytedeco\javacpp\windows-x86_64\api-ms-win-crt-utility-l1-1-0.dll
0x0000000028a00000 - 0x0000000028a05000 	C:\Users\aj755\.javacpp\cache\javacpp-1.5.3-windows-x86_64.jar\org\bytedeco\javacpp\windows-x86_64\api-ms-win-crt-multibyte-l1-1-0.dll
0x0000000028a10000 - 0x0000000028a13000 	C:\Users\aj755\.javacpp\cache\javacpp-1.5.3-windows-x86_64.jar\org\bytedeco\javacpp\windows-x86_64\api-ms-win-core-string-l1-1-0.dll
0x0000000028a20000 - 0x0000000028a23000 	C:\Users\aj755\.javacpp\cache\javacpp-1.5.3-windows-x86_64.jar\org\bytedeco\javacpp\windows-x86_64\api-ms-win-core-errorhandling-l1-1-0.dll
0x0000000028a30000 - 0x0000000028a33000 	C:\Users\aj755\.javacpp\cache\javacpp-1.5.3-windows-x86_64.jar\org\bytedeco\javacpp\windows-x86_64\api-ms-win-core-timezone-l1-1-0.dll
0x0000000028a40000 - 0x0000000028a44000 	C:\Users\aj755\.javacpp\cache\javacpp-1.5.3-windows-x86_64.jar\org\bytedeco\javacpp\windows-x86_64\api-ms-win-core-file-l1-1-0.dll
0x0000000028a50000 - 0x0000000028a53000 	C:\Users\aj755\.javacpp\cache\javacpp-1.5.3-windows-x86_64.jar\org\bytedeco\javacpp\windows-x86_64\api-ms-win-core-namedpipe-l1-1-0.dll
0x0000000028a60000 - 0x0000000028a63000 	C:\Users\aj755\.javacpp\cache\javacpp-1.5.3-windows-x86_64.jar\org\bytedeco\javacpp\windows-x86_64\api-ms-win-core-handle-l1-1-0.dll
0x0000000028db0000 - 0x0000000028db3000 	C:\Users\aj755\.javacpp\cache\javacpp-1.5.3-windows-x86_64.jar\org\bytedeco\javacpp\windows-x86_64\api-ms-win-core-file-l2-1-0.dll
0x0000000028dc0000 - 0x0000000028dc3000 	C:\Users\aj755\.javacpp\cache\javacpp-1.5.3-windows-x86_64.jar\org\bytedeco\javacpp\windows-x86_64\api-ms-win-core-heap-l1-1-0.dll
0x0000000028dd0000 - 0x0000000028dd3000 	C:\Users\aj755\.javacpp\cache\javacpp-1.5.3-windows-x86_64.jar\org\bytedeco\javacpp\windows-x86_64\api-ms-win-core-libraryloader-l1-1-0.dll
0x0000000028de0000 - 0x0000000028de3000 	C:\Users\aj755\.javacpp\cache\javacpp-1.5.3-windows-x86_64.jar\org\bytedeco\javacpp\windows-x86_64\api-ms-win-core-synch-l1-1-0.dll
0x0000000028df0000 - 0x0000000028df3000 	C:\Users\aj755\.javacpp\cache\javacpp-1.5.3-windows-x86_64.jar\org\bytedeco\javacpp\windows-x86_64\api-ms-win-core-processthreads-l1-1-0.dll
0x0000000028e00000 - 0x0000000028e03000 	C:\Users\aj755\.javacpp\cache\javacpp-1.5.3-windows-x86_64.jar\org\bytedeco\javacpp\windows-x86_64\api-ms-win-core-processenvironment-l1-1-0.dll
0x0000000028e10000 - 0x0000000028e13000 	C:\Users\aj755\.javacpp\cache\javacpp-1.5.3-windows-x86_64.jar\org\bytedeco\javacpp\windows-x86_64\api-ms-win-core-datetime-l1-1-0.dll
0x0000000028e20000 - 0x0000000028e23000 	C:\Users\aj755\.javacpp\cache\javacpp-1.5.3-windows-x86_64.jar\org\bytedeco\javacpp\windows-x86_64\api-ms-win-core-localization-l1-2-0.dll
0x0000000028e30000 - 0x0000000028e33000 	C:\Users\aj755\.javacpp\cache\javacpp-1.5.3-windows-x86_64.jar\org\bytedeco\javacpp\windows-x86_64\api-ms-win-core-sysinfo-l1-1-0.dll
0x0000000028e40000 - 0x0000000028e43000 	C:\Users\aj755\.javacpp\cache\javacpp-1.5.3-windows-x86_64.jar\org\bytedeco\javacpp\windows-x86_64\api-ms-win-core-synch-l1-2-0.dll

VM Arguments:
jvm_args: -Djava.library.path=C:\Users\aj755\eclipse-workspace\SnakeLearn\src -Dfile.encoding=Cp1252 
java_command: learning.core.Learn
java_class_path (initial): C:\Users\aj755\eclipse-workspace\SnakeLearn\target\classes;C:\Users\aj755\.m2\repository\org\deeplearning4j\deeplearning4j-core\1.0.0-beta7\deeplearning4j-core-1.0.0-beta7.jar;C:\Users\aj755\.m2\repository\org\deeplearning4j\deeplearning4j-tsne\1.0.0-beta7\deeplearning4j-tsne-1.0.0-beta7.jar;C:\Users\aj755\.m2\repository\org\deeplearning4j\nearestneighbor-core\1.0.0-beta7\nearestneighbor-core-1.0.0-beta7.jar;C:\Users\aj755\.m2\repository\org\deeplearning4j\deeplearning4j-datasets\1.0.0-beta7\deeplearning4j-datasets-1.0.0-beta7.jar;C:\Users\aj755\.m2\repository\org\deeplearning4j\deeplearning4j-common\1.0.0-beta7\deeplearning4j-common-1.0.0-beta7.jar;C:\Users\aj755\.m2\repository\org\deeplearning4j\deeplearning4j-datavec-iterators\1.0.0-beta7\deeplearning4j-datavec-iterators-1.0.0-beta7.jar;C:\Users\aj755\.m2\repository\org\deeplearning4j\deeplearning4j-modelimport\1.0.0-beta7\deeplearning4j-modelimport-1.0.0-beta7.jar;C:\Users\aj755\.m2\repository\org\bytedeco\hdf5-platform\1.12.0-1.5.3\hdf5-platform-1.12.0-1.5.3.jar;C:\Users\aj755\.m2\repository\org\bytedeco\hdf5\1.12.0-1.5.3\hdf5-1.12.0-1.5.3.jar;C:\Users\aj755\.m2\repository\org\bytedeco\hdf5\1.12.0-1.5.3\hdf5-1.12.0-1.5.3-linux-x86.jar;C:\Users\aj755\.m2\repository\org\bytedeco\hdf5\1.12.0-1.5.3\hdf5-1.12.0-1.5.3-linux-x86_64.jar;C:\Users\aj755\.m2\repository\org\bytedeco\hdf5\1.12.0-1.5.3\hdf5-1.12.0-1.5.3-linux-armhf.jar;C:\Users\aj755\.m2\repository\org\bytedeco\hdf5\1.12.0-1.5.3\hdf5-1.12.0-1.5.3-linux-arm64.jar;C:\Users\aj755\.m2\repository\org\bytedeco\hdf5\1.12.0-1.5.3\hdf5-1.12.0-1.5.3-linux-ppc64le.jar;C:\Users\aj755\.m2\repository\org\bytedeco\hdf5\1.12.0-1.5.3\hdf5-1.12.0-1.5.3-macosx-x86_64.jar;C:\Users\aj755\.m2\repository\org\bytedeco\hdf5\1.12.0-1.5.3\hdf5-1.12.0-1.5.3-windows-x86.jar;C:\Users\aj755\.m2\repository\org\bytedeco\hdf5\1.12.0-1.5.3\hdf5-1.12.0-1.5.3-windows-x86_64.jar;C:\Users\aj755\.m2\repository\org\slf4j\slf4j-api\1.7.21\slf4j-api-1.7.21.jar;C:\Users\aj
Launcher Type: SUN_STANDARD

Environment Variables:
PATH=C:/Program Files/Java/jre1.8.0_251/bin/server;C:/Program Files/Java/jre1.8.0_251/bin;C:/Program Files/Java/jre1.8.0_251/lib/amd64;C:\Program Files (x86)\Common Files\Oracle\Java\javapath;C:\WINDOWS\system32;C:\WINDOWS;C:\WINDOWS\System32\Wbem;C:\WINDOWS\System32\WindowsPowerShell\v1.0\;C:\WINDOWS\System32\OpenSSH\;C:\Program Files\PuTTY\;C:\Program Files (x86)\FAHClient;C:\Users\aj755\AppData\Local\Programs\Python\Python37\Scripts\;C:\Users\aj755\AppData\Local\Programs\Python\Python37\;C:\Users\aj755\AppData\Local\Microsoft\WindowsApps;C:\Users\aj755\AppData\Local\atom\bin;C:\Program Files (x86)\VirtualDesktopThing\;C:\Users\aj755\AppData\Local\Programs\Microsoft VS Code\bin;C:\Users\aj755\AppData\Local\Programs\MiKTeX\miktex\bin\x64\;C:\Program Files (x86)\mingw-w64\i686-8.1.0-posix-dwarf-rt_v6-rev0\mingw32\bin;;C:\WINDOWS\system32;
USERNAME=aj755
OS=Windows_NT
PROCESSOR_IDENTIFIER=Intel64 Family 6 Model 142 Stepping 12, GenuineIntel



---------------  S Y S T E M  ---------------

OS: Windows 10.0 , 64 bit Build 19041 (10.0.19041.1151)

CPU:total 8 (initial active 8) (4 cores per cpu, 2 threads per core) family 6 model 142 stepping 12, cmov, cx8, fxsr, mmx, sse, sse2, sse3, ssse3, sse4.1, sse4.2, popcnt, avx, avx2, aes, clmul, erms, 3dnowpref, lzcnt, ht, tsc, tscinvbit, bmi1, bmi2, adx

Memory: 4k page, physical 16556204k(1034804k free), swap 23642908k(2475660k free)

vm_info: Java HotSpot(TM) 64-Bit Server VM (25.251-b08) for windows-amd64 JRE (1.8.0_251-b08), built on Mar 12 2020 06:31:49 by "" with MS VC++ 10.0 (VS2010)

time: Thu Sep 02 01:19:30 2021
timezone: Central Daylight Time
elapsed time: 4 seconds (0d 0h 0m 4s)

